<?xml version="1.0" encoding="UTF-8"?>
<!-- Generated by org.testng.reporters.JUnitReportReporter -->
<testsuite hostname="DESKTOP-P88JVBR" failures="0" tests="1" name="CozmoClass" time="5.848" errors="0" timestamp="2025-01-09T16:40:08 EET" skipped="0">
  <testcase classname="CozmoClass" name="Login" time="5.848"/>
  <system-out/>
</testsuite> <!-- CozmoClass -->
