<?xml version="1.0" encoding="UTF-8"?>
<!-- Generated by org.testng.reporters.JUnitReportReporter -->
<testsuite hostname="DESKTOP-P88JVBR" failures="0" tests="2" name="AhlanClass" time="0.626" errors="0" timestamp="2025-01-09T17:25:30 EET" skipped="1">
  <testcase classname="AhlanClass" name="forGotPassword" time="0.626"/>
  <system-out/>
  <testcase classname="AhlanClass" name="Login">
    <skipped/>
  </testcase> <!-- Login -->
  <system-out/>
</testsuite> <!-- AhlanClass -->
